2026-02-05 09:46:32[09:46:32 TRACE /home/yehor/Work/ThirdLetterC/ulog/examples/uloTRACE /home/yehor/Work/ThirdLetterC/ulog/examples/ulog_all_features.c:182: trace message
2026-02-05 09:46:32[09:46:32 DEBUG /home/yehor/Work/ThirdLetterC/ulog/examples/uloDEBUG /home/yehor/Work/ThirdLetterC/ulog/examples/ulog_all_features.c:183: debug message
2026-02-05 09:46:32[09:46:32 INFO  /home/yehor/Work/ThirdLetterC/ulog/examples/uloINFO  /home/yehor/Work/ThirdLetterC/ulog/examples/ulog_all_features.c:184: info message
2026-02-05 09:46:32[09:46:32 WARN  /home/yehor/Work/ThirdLetterC/ulog/examples/uloWARN  /home/yehor/Work/ThirdLetterC/ulog/examples/ulog_all_features.c:185: warn message
2026-02-05 09:46:32[09:46:32 ERROR /home/yehor/Work/ThirdLetterC/ulog/examples/uloERROR /home/yehor/Work/ThirdLetterC/ulog/examples/ulog_all_features.c:186: error message
2026-02-05 09:46:32[09:46:32 ? /home/yehor/Work/ThirdLetterC/ulog/examples/ulog_alFATAL /home/yehor/Work/ThirdLetterC/ulog/examples/ulog_all_features.c:187: fatal message
2026-02-05 09:46:32[09:46:32 ? /home/yehor/Work/ThirdLetterC/ulog/examples/ulog_al(null) /home/yehor/Work/ThirdLetterC/ulog/examples/ulog_all_features.c:188: custom level 6
2026-02-05 09:46:32[09:46:32 INFO  /home/yehor/Work/ThirdLetterC/ulog/examples/uloINFO  /home/yehor/Work/ThirdLetterC/ulog/examples/ulog_all_features.c:194: level string: WARN 
2026-02-05 09:46:32[09:46:32 TWO   /home/yehor/Work/ThirdLetterC/ulog/examples/uloTWO   /home/yehor/Work/ThirdLetterC/ulog/examples/ulog_all_features.c:203: custom level names active
2026-02-05 09:46:32[09:46:32 NOTICE /home/yehor/Work/ThirdLetterC/ulog/examples/ulNOTICE /home/yehor/Work/ThirdLetterC/ulog/examples/ulog_all_features.c:209: syslog notice
2026-02-05 09:46:32[09:46:32 ERR    /home/yehor/Work/ThirdLetterC/ulog/examples/ulERR    /home/yehor/Work/ThirdLetterC/ulog/examples/ulog_all_features.c:210: syslog error
2026-02-05 09:46:32[09:46:32 INFO  /home/yehor/Work/ThirdLetterC/ulog/examples/uloINFO  [net] /home/yehor/Work/ThirdLetterC/ulog/examples/ulog_all_features.c:216: link up
2026-02-05 09:46:32[09:46:32 WARN  /home/yehor/Work/ThirdLetterC/ulog/examples/uloWARN  [net] /home/yehor/Work/ThirdLetterC/ulog/examples/ulog_all_features.c:220: link unstable
2026-02-05 09:46:32[09:46:32 INFO  /home/yehor/Work/ThirdLetterC/ulog/examples/uloINFO  /home/yehor/Work/ThirdLetterC/ulog/examples/ulog_all_features.c:222: net topic id: 0
2026-02-05 09:46:32[09:46:32 I /home/yehor/Work/ThirdLetterC/ulog/examples/ulog_alI /home/yehor/Work/ThirdLetterC/ulog/examples/ulog_all_features.c:235: short levels enabled
2026-02-05 09:46:32[09:46:32 INFO  /home/yehor/Work/ThirdLetterC/ulog/examples/uloINFO  source location hidden
[09:46:32 INFO  /home/yehor/Work/ThirdLetterC/ulog/examples/uloINFO  /home/yehor/Work/ThirdLetterC/ulog/examples/ulog_all_features.c:247: time hidden
2026-02-05 09:46:32[09:46:32 INFO  /home/yehor/Work/ThirdLetterC/ulog/examples/uloINFO  /home/yehor/Work/ThirdLetterC/ulog/examples/ulog_all_features.c:253: color disabled
2026-02-05 09:46:32INFO  /home/yehor/Work/ThirdLetterC/ulog/examples/ulog_all_features.c:259: prefix disabled
2026-02-05 09:46:32[09:46:32 INFO  /home/yehor/Work/ThirdLetterC/ulog/examples/uloINFO  /home/yehor/Work/ThirdLetterC/ulog/examples/ulog_all_features.c:263: generic interface info
2026-02-05 09:46:32[09:46:32 INFO  /home/yehor/Work/ThirdLetterC/ulog/examples/uloINFO  /home/yehor/Work/ThirdLetterC/ulog/examples/ulog_all_features.c:266: mirror output lines: 18
